# JRE version: OpenJDK Runtime Environment (8.0_76-b03) (build 1.8.0_76-release-b03)
# Java VM: OpenJDK 64-Bit Server VM (25.76-b03 mixed mode linux-amd64 compressed oops)
Heap:
 PSYoungGen      total 349696K, used 0K [0x00000000e0000000, 0x0000000100000000, 0x0000000100000000)
  eden space 175104K, 0% used [0x00000000e0000000,0x00000000e0000000,0x00000000eab00000)
  from space 174592K, 0% used [0x00000000f5580000,0x00000000f5580000,0x0000000100000000)
  to   space 174592K, 0% used [0x00000000eab00000,0x00000000eab00000,0x00000000f5580000)
 ParOldGen       total 463872K, used 370254K [0x00000000a0000000, 0x00000000bc500000, 0x00000000e0000000)
  object space 463872K, 79% used [0x00000000a0000000,0x00000000b6993b78,0x00000000bc500000)
 Metaspace       used 78730K, capacity 85430K, committed 85888K, reserved 1124352K
  class space    used 9667K, capacity 10318K, committed 10624K, reserved 1048576K
GC Heap History (10 events):
Event: 10559.874 GC heap after
Heap after GC invocations=447 (full 53):
 PSYoungGen      total 349696K, used 119807K [0x00000000e0000000, 0x0000000100000000, 0x0000000100000000)
  eden space 175104K, 0% used [0x00000000e0000000,0x00000000e0000000,0x00000000eab00000)
  from space 174592K, 68% used [0x00000000f5580000,0x00000000fca7fe78,0x0000000100000000)
  to   space 174592K, 0% used [0x00000000eab00000,0x00000000eab00000,0x00000000f5580000)
 ParOldGen       total 463872K, used 234469K [0x00000000a0000000, 0x00000000bc500000, 0x00000000e0000000)
  object space 463872K, 50% used [0x00000000a0000000,0x00000000ae4f94c8,0x00000000bc500000)
 Metaspace       used 78738K, capacity 85442K, committed 85888K, reserved 1124352K
  class space    used 9668K, capacity 10320K, committed 10624K, reserved 1048576K
}
Event: 10560.086 GC heap before
{Heap before GC invocations=448 (full 53):
 PSYoungGen      total 349696K, used 294911K [0x00000000e0000000, 0x0000000100000000, 0x0000000100000000)
  eden space 175104K, 100% used [0x00000000e0000000,0x00000000eab00000,0x00000000eab00000)
  from space 174592K, 68% used [0x00000000f5580000,0x00000000fca7fe78,0x0000000100000000)
  to   space 174592K, 0% used [0x00000000eab00000,0x00000000eab00000,0x00000000f5580000)
 ParOldGen       total 463872K, used 234486K [0x00000000a0000000, 0x00000000bc500000, 0x00000000e0000000)
  object space 463872K, 50% used [0x00000000a0000000,0x00000000ae4fd860,0x00000000bc500000)
 Metaspace       used 78738K, capacity 85442K, committed 85888K, reserved 1124352K
  class space    used 9668K, capacity 10320K, committed 10624K, reserved 1048576K
Event: 10560.174 GC heap after
Heap after GC invocations=448 (full 53):
 PSYoungGen      total 349696K, used 153847K [0x00000000e0000000, 0x0000000100000000, 0x0000000100000000)
  eden space 175104K, 0% used [0x00000000e0000000,0x00000000e0000000,0x00000000eab00000)
  from space 174592K, 88% used [0x00000000eab00000,0x00000000f413dec0,0x00000000f5580000)
  to   space 174592K, 0% used [0x00000000f5580000,0x00000000f5580000,0x0000000100000000)
 ParOldGen       total 463872K, used 250398K [0x00000000a0000000, 0x00000000bc500000, 0x00000000e0000000)
  object space 463872K, 53% used [0x00000000a0000000,0x00000000af487ae0,0x00000000bc500000)
 Metaspace       used 78738K, capacity 85442K, committed 85888K, reserved 1124352K
  class space    used 9668K, capacity 10320K, committed 10624K, reserved 1048576K
}
Event: 10560.308 GC heap before
{Heap before GC invocations=449 (full 53):
 PSYoungGen      total 349696K, used 328951K [0x00000000e0000000, 0x0000000100000000, 0x0000000100000000)
  eden space 175104K, 100% used [0x00000000e0000000,0x00000000eab00000,0x00000000eab00000)
  from space 174592K, 88% used [0x00000000eab00000,0x00000000f413dec0,0x00000000f5580000)
  to   space 174592K, 0% used [0x00000000f5580000,0x00000000f5580000,0x0000000100000000)
 ParOldGen       total 463872K, used 250398K [0x00000000a0000000, 0x00000000bc500000, 0x00000000e0000000)
  object space 463872K, 53% used [0x00000000a0000000,0x00000000af487ae0,0x00000000bc500000)
 Metaspace       used 78738K, capacity 85442K, committed 85888K, reserved 1124352K
  class space    used 9668K, capacity 10320K, committed 10624K, reserved 1048576K
Event: 10560.402 GC heap after
Heap after GC invocations=449 (full 53):
 PSYoungGen      total 349696K, used 174566K [0x00000000e0000000, 0x0000000100000000, 0x0000000100000000)
  eden space 175104K, 0% used [0x00000000e0000000,0x00000000e0000000,0x00000000eab00000)
  from space 174592K, 99% used [0x00000000f5580000,0x00000000ffff9950,0x0000000100000000)
  to   space 174592K, 0% used [0x00000000eab00000,0x00000000eab00000,0x00000000f5580000)
 ParOldGen       total 463872K, used 283489K [0x00000000a0000000, 0x00000000bc500000, 0x00000000e0000000)
  object space 463872K, 61% used [0x00000000a0000000,0x00000000b14d8650,0x00000000bc500000)
 Metaspace       used 78738K, capacity 85442K, committed 85888K, reserved 1124352K
  class space    used 9668K, capacity 10320K, committed 10624K, reserved 1048576K
}
Event: 10560.584 GC heap before
{Heap before GC invocations=450 (full 53):
 PSYoungGen      total 349696K, used 349670K [0x00000000e0000000, 0x0000000100000000, 0x0000000100000000)
  eden space 175104K, 100% used [0x00000000e0000000,0x00000000eab00000,0x00000000eab00000)
  from space 174592K, 99% used [0x00000000f5580000,0x00000000ffff9950,0x0000000100000000)
  to   space 174592K, 0% used [0x00000000eab00000,0x00000000eab00000,0x00000000f5580000)
 ParOldGen       total 463872K, used 283489K [0x00000000a0000000, 0x00000000bc500000, 0x00000000e0000000)
  object space 463872K, 61% used [0x00000000a0000000,0x00000000b14d8650,0x00000000bc500000)
 Metaspace       used 78738K, capacity 85442K, committed 85888K, reserved 1124352K
  class space    used 9668K, capacity 10320K, committed 10624K, reserved 1048576K
Event: 10560.673 GC heap after
Heap after GC invocations=450 (full 53):
 PSYoungGen      total 349696K, used 143166K [0x00000000e0000000, 0x0000000100000000, 0x0000000100000000)
  eden space 175104K, 0% used [0x00000000e0000000,0x00000000e0000000,0x00000000eab00000)
  from space 174592K, 82% used [0x00000000eab00000,0x00000000f36cfbc0,0x00000000f5580000)
  to   space 174592K, 0% used [0x00000000f5580000,0x00000000f5580000,0x0000000100000000)
 ParOldGen       total 463872K, used 336867K [0x00000000a0000000, 0x00000000bc500000, 0x00000000e0000000)
  object space 463872K, 72% used [0x00000000a0000000,0x00000000b48f8dc0,0x00000000bc500000)
 Metaspace       used 78738K, capacity 85442K, committed 85888K, reserved 1124352K
  class space    used 9668K, capacity 10320K, committed 10624K, reserved 1048576K
}
Event: 10560.865 GC heap before
{Heap before GC invocations=451 (full 53):
 PSYoungGen      total 349696K, used 318270K [0x00000000e0000000, 0x0000000100000000, 0x0000000100000000)
  eden space 175104K, 100% used [0x00000000e0000000,0x00000000eab00000,0x00000000eab00000)
  from space 174592K, 82% used [0x00000000eab00000,0x00000000f36cfbc0,0x00000000f5580000)
  to   space 174592K, 0% used [0x00000000f5580000,0x00000000f5580000,0x0000000100000000)
 ParOldGen       total 463872K, used 336867K [0x00000000a0000000, 0x00000000bc500000, 0x00000000e0000000)
  object space 463872K, 72% used [0x00000000a0000000,0x00000000b48f8dd8,0x00000000bc500000)
 Metaspace       used 78738K, capacity 85442K, committed 85888K, reserved 1124352K
  class space    used 9668K, capacity 10320K, committed 10624K, reserved 1048576K
Event: 10560.940 GC heap after
Heap after GC invocations=451 (full 53):
 PSYoungGen      total 349696K, used 39873K [0x00000000e0000000, 0x0000000100000000, 0x0000000100000000)
  eden space 175104K, 0% used [0x00000000e0000000,0x00000000e0000000,0x00000000eab00000)
  from space 174592K, 22% used [0x00000000f5580000,0x00000000f7c704f0,0x0000000100000000)
  to   space 174592K, 0% used [0x00000000eab00000,0x00000000eab00000,0x00000000f5580000)
 ParOldGen       total 463872K, used 450409K [0x00000000a0000000, 0x00000000bc500000, 0x00000000e0000000)
  object space 463872K, 97% used [0x00000000a0000000,0x00000000bb7da798,0x00000000bc500000)
 Metaspace       used 78738K, capacity 85442K, committed 85888K, reserved 1124352K
  class space    used 9668K, capacity 10320K, committed 10624K, reserved 1048576K
}
Event: 10560.940 GC heap before
{Heap before GC invocations=452 (full 54):
 PSYoungGen      total 349696K, used 39873K [0x00000000e0000000, 0x0000000100000000, 0x0000000100000000)
  eden space 175104K, 0% used [0x00000000e0000000,0x00000000e0000000,0x00000000eab00000)
  from space 174592K, 22% used [0x00000000f5580000,0x00000000f7c704f0,0x0000000100000000)
  to   space 174592K, 0% used [0x00000000eab00000,0x00000000eab00000,0x00000000f5580000)
 ParOldGen       total 463872K, used 450409K [0x00000000a0000000, 0x00000000bc500000, 0x00000000e0000000)
  object space 463872K, 97% used [0x00000000a0000000,0x00000000bb7da798,0x00000000bc500000)
 Metaspace       used 78738K, capacity 85442K, committed 85888K, reserved 1124352K
  class space    used 9668K, capacity 10320K, committed 10624K, reserved 1048576K

